#
# A fatal error has been detected by the Java Runtime Environment:
#
#  EXCEPTION_ACCESS_VIOLATION (0xc0000005) at pc=0x00007ffee5689a61, pid=11204, tid=3564
#
# JRE version: Java(TM) SE Runtime Environment (12.0.1+12) (build 12.0.1+12)
# Java VM: Java HotSpot(TM) 64-Bit Server VM (12.0.1+12, mixed mode, sharing, tiered, compressed oops, g1 gc, windows-amd64)
# Problematic frame:
# V  [jvm.dll+0x3e9a61]
#
# No core dump will be written. Minidumps are not enabled by default on client versions of Windows
#
# If you would like to submit a bug report, please visit:
#   http://bugreport.java.com/bugreport/crash.jsp
#

---------------  S U M M A R Y ------------

Command Line: -Dfile.encoding=Cp1252 --module-path=C:\Users\owner\Documents\My Files\Order Net\sqlite-jdbc-3.27.2.1.jar;C:\Users\owner\Documents\My Files\Order Net\commons-io-2.3.jar;C:\Users\owner\Documents\My Files\Order Net\jdatepicker-1.3.4.jar MainPackage.LicenseDialog

Host: Intel(R) Core(TM) i7-4610Y CPU @ 1.70GHz, 4 cores, 7G,  Windows 10 , 64 bit Build 17763 (10.0.17763.475)
Time: Wed Jun 12 03:17:55 2019 Middle East Daylight Time elapsed time: 31 seconds (0d 0h 0m 31s)

---------------  T H R E A D  ---------------

Current thread (0x000002c9de5b0000):  JavaThread "Thread-2" [_thread_in_vm, id=3564, stack(0x000000fff6100000,0x000000fff6200000)]

Stack: [0x000000fff6100000,0x000000fff6200000],  sp=0x000000fff61fe420,  free space=1017k
Native frames: (J=compiled Java code, j=interpreted, Vv=VM code, C=native code)
V  [jvm.dll+0x3e9a61]
C  [net.dll+0xb71f]

Java frames: (J=compiled Java code, j=interpreted, Vv=VM code)
j  java.net.TwoStacksPlainDatagramSocketImpl.send(Ljava/net/DatagramPacket;)V+0 java.base@12.0.1
j  java.net.DatagramSocket.send(Ljava/net/DatagramPacket;)V+175 java.base@12.0.1
j  Asynchronous.PacketServer.sendReplyPacket(Ljava/net/InetAddress;ILPackets/ReplyPacket;)V+65
j  Asynchronous.PacketServer.run()V+1576
v  ~StubRoutines::call_stub

siginfo: EXCEPTION_ACCESS_VIOLATION (0xc0000005), reading address 0x0000000000000009


Register to memory mapping:

RIP=0x00007ffee5689a61 jvm.dll
RAX=0x0000000000000001 is an unknown value
RBX=0x000002c9de5b0000 is a thread
RCX=0x000002c9de6ce968 points into unknown readable memory: 01 00 00 00 00 00 00 00
RDX=0x0000000000000006 is an unknown value
RSP=0x000000fff61fe420 is pointing into the stack for thread: 0x000002c9de5b0000
RBP=0x000002c9de6ce968 points into unknown readable memory: 01 00 00 00 00 00 00 00
RSI=0x000000fff61fe500 is pointing into the stack for thread: 0x000002c9de5b0000
RDI=0x000002c9de5b0000 is a thread
R8 =0x0000000000000052 is an unknown value
R9 =0x00000000889e6e38 points into unknown readable memory: 01 d6 d7 5c 26 00 00 00
R10=0x00007ffee568b800 jvm.dll
R11=0x000000fff61fe5a0 is pointing into the stack for thread: 0x000002c9de5b0000
R12=0x0000000000000002 is an unknown value
R13=0x000002c9de6ce940 points into unknown readable memory: 38 6e 9e 88 00 00 00 00
R14=0x0000000000000052 is an unknown value
R15=0x000002c9de5b0330 points into unknown readable memory: e0 1d cb e5 fe 7f 00 00


Registers:
RAX=0x0000000000000001, RBX=0x000002c9de5b0000, RCX=0x000002c9de6ce968, RDX=0x0000000000000006
RSP=0x000000fff61fe420, RBP=0x000002c9de6ce968, RSI=0x000000fff61fe500, RDI=0x000002c9de5b0000
R8 =0x0000000000000052, R9 =0x00000000889e6e38, R10=0x00007ffee568b800, R11=0x000000fff61fe5a0
R12=0x0000000000000002, R13=0x000002c9de6ce940, R14=0x0000000000000052, R15=0x000002c9de5b0330
RIP=0x00007ffee5689a61, EFLAGS=0x0000000000010202

Top of Stack: (sp=0x000000fff61fe420)
0x000000fff61fe420:   000002c9de5b0000 000002c9de5b0000
0x000000fff61fe430:   0000000000000062 000002c9de5b0000
0x000000fff61fe440:   0000000000000032 000000000000000e
0x000000fff61fe450:   000002c9de5b0000 0000000000000000
0x000000fff61fe460:   0000d7b9386290c3 00007ffee53a9eae
0x000000fff61fe470:   000000fff61fe594 0000000000000818
0x000000fff61fe480:   000000fff61fe4f8 00007fff14ffb71f
0x000000fff61fe490:   000002c9de5b0330 0000000000000000
0x000000fff61fe4a0:   000000fff61fe5a0 000002c9de5b0000
0x000000fff61fe4b0:   000000fff61fe5a0 00007ffee53a9eae
0x000000fff61fe4c0:   0000000000000000 00007fff14ffc239
0x000000fff61fe4d0:   000002c9de5b0330 000000fff61fe5a0
0x000000fff61fe4e0:   000000fff61fe5a0 0000000000000193
0x000000fff61fe4f0:   000002c900001f72 000002c9de5b0000
0x000000fff61fe500:   00000000000000e2 000093280b6099bd
0x000000fff61fe510:   0000000000000193 000002c9de6ce940 

Instructions: (pc=0x00007ffee5689a61)
0x00007ffee5689a41:   74 0c 48 8d 4d ff ff 15 4b 43 62 00 eb 09 48 8b
0x00007ffee5689a51:   cd ff 15 38 43 62 00 80 3d d2 a3 6a 00 00 74 16
0x00007ffee5689a61:   44 8b 48 08 8b 0d 7d 1f 64 00 49 d3 e1 4c 03 0d
0x00007ffee5689a71:   6b 1f 64 00 eb 04 4c 8b 48 08 49 8b fe 48 c1 ef 


Stack slot to memory mapping:
stack at sp + 0 slots: 0x000002c9de5b0000 is a thread
stack at sp + 1 slots: 0x000002c9de5b0000 is a thread
stack at sp + 2 slots: 0x0000000000000062 is an unknown value
stack at sp + 3 slots: 0x000002c9de5b0000 is a thread
stack at sp + 4 slots: 0x0000000000000032 is an unknown value
stack at sp + 5 slots: 0x000000000000000e is an unknown value
stack at sp + 6 slots: 0x000002c9de5b0000 is a thread
stack at sp + 7 slots: 0x0 is NULL


---------------  P R O C E S S  ---------------

Threads class SMR info:
_java_thread_list=0x000002c9de6de630, length=17, elements={
0x000002c9dd315800, 0x000002c9dd317000, 0x000002c9dd333000, 0x000002c9dd335000,
0x000002c9dd337800, 0x000002c9dd340000, 0x000002c9dd34e000, 0x000002c9dd2fa800,
0x000002c9ddef4800, 0x000002c9de00e800, 0x000002c9de020800, 0x000002c9de053000,
0x000002c9de4a3800, 0x000002c9de6f3800, 0x000002c9de5b9000, 0x000002c9de5b0000,
0x000002c9beee7800
}

Java Threads: ( => current thread )
  0x000002c9dd315800 JavaThread "Reference Handler" daemon [_thread_blocked, id=7360, stack(0x000000fff4e00000,0x000000fff4f00000)]
  0x000002c9dd317000 JavaThread "Finalizer" daemon [_thread_blocked, id=4332, stack(0x000000fff4f00000,0x000000fff5000000)]
  0x000002c9dd333000 JavaThread "Signal Dispatcher" daemon [_thread_blocked, id=7532, stack(0x000000fff5000000,0x000000fff5100000)]
  0x000002c9dd335000 JavaThread "Attach Listener" daemon [_thread_blocked, id=2304, stack(0x000000fff5100000,0x000000fff5200000)]
  0x000002c9dd337800 JavaThread "C2 CompilerThread0" daemon [_thread_blocked, id=8328, stack(0x000000fff5200000,0x000000fff5300000)]
  0x000002c9dd340000 JavaThread "C1 CompilerThread0" daemon [_thread_blocked, id=5940, stack(0x000000fff5300000,0x000000fff5400000)]
  0x000002c9dd34e000 JavaThread "Sweeper thread" daemon [_thread_blocked, id=1640, stack(0x000000fff5400000,0x000000fff5500000)]
  0x000002c9dd2fa800 JavaThread "Common-Cleaner" daemon [_thread_blocked, id=3972, stack(0x000000fff5500000,0x000000fff5600000)]
  0x000002c9ddef4800 JavaThread "Service Thread" daemon [_thread_blocked, id=8360, stack(0x000000fff5600000,0x000000fff5700000)]
  0x000002c9de00e800 JavaThread "Java2D Disposer" daemon [_thread_blocked, id=588, stack(0x000000fff5800000,0x000000fff5900000)]
  0x000002c9de020800 JavaThread "AWT-Shutdown" [_thread_blocked, id=1896, stack(0x000000fff5900000,0x000000fff5a00000)]
  0x000002c9de053000 JavaThread "AWT-Windows" daemon [_thread_blocked, id=9052, stack(0x000000fff5a00000,0x000000fff5b00000)]
  0x000002c9de4a3800 JavaThread "AWT-EventQueue-0" [_thread_blocked, id=2800, stack(0x000000fff5b00000,0x000000fff5c00000)]
  0x000002c9de6f3800 JavaThread "TimerQueue" daemon [_thread_blocked, id=9244, stack(0x000000fff5f00000,0x000000fff6000000)]
  0x000002c9de5b9000 JavaThread "Thread-1" [_thread_in_native, id=8692, stack(0x000000fff6000000,0x000000fff6100000)]
=>0x000002c9de5b0000 JavaThread "Thread-2" [_thread_in_vm, id=3564, stack(0x000000fff6100000,0x000000fff6200000)]
  0x000002c9beee7800 JavaThread "DestroyJavaVM" [_thread_blocked, id=3284, stack(0x000000fff4700000,0x000000fff4800000)]

Other Threads:
  0x000002c9dd311800 VMThread "VM Thread" [stack: 0x000000fff4d00000,0x000000fff4e00000] [id=10560]
  0x000002c9dde02000 WatcherThread [stack: 0x000000fff5700000,0x000000fff5800000] [id=9892]
  0x000002c9bef24800 GCTaskThread "GC Thread#0" [stack: 0x000000fff4800000,0x000000fff4900000] [id=9036]
  0x000002c9bef35000 ConcurrentGCThread "G1 Main Marker" [stack: 0x000000fff4900000,0x000000fff4a00000] [id=6276]
  0x000002c9bef39000 ConcurrentGCThread "G1 Conc#0" [stack: 0x000000fff4a00000,0x000000fff4b00000] [id=10920]
  0x000002c9befbe000 ConcurrentGCThread "G1 Refine#0" [stack: 0x000000fff4b00000,0x000000fff4c00000] [id=188]
  0x000002c9dd192800 ConcurrentGCThread "G1 Young RemSet Sampling" [stack: 0x000000fff4c00000,0x000000fff4d00000] [id=9000]

Threads with active compile tasks:

VM state:synchronizing (normal execution)

VM Mutex/Monitor currently owned by a thread:  ([mutex/lock_event])
[0x000002c9beee3ef0] Threads_lock - owner thread: 0x000002c9dd311800

Heap address: 0x0000000081600000, size: 2026 MB, Compressed Oops mode: 32-bit
Narrow klass base: 0x0000000800000000, Narrow klass shift: 3
Compressed class space size: 1073741824 Address: 0x00000008011a0000

Heap:
 garbage-first heap   total 131072K, used 16384K [0x0000000081600000, 0x0000000100000000)
  region size 1024K, 14 young (14336K), 0 survivors (0K)
 Metaspace       used 11834K, capacity 12281K, committed 12288K, reserved 1060864K
  class space    used 1328K, capacity 1534K, committed 1536K, reserved 1048576K
Heap Regions: E=young(eden), S=young(survivor), O=old, HS=humongous(starts), HC=humongous(continues), CS=collection set, F=free, A=archive, TAMS=top-at-mark-start (previous, next)
|   0|0x0000000081600000, 0x0000000081700000, 0x0000000081700000|100%|HS|  |TAMS 0x0000000081600000, 0x0000000081600000| Complete 
|   1|0x0000000081700000, 0x0000000081800000, 0x0000000081800000|100%|HC|  |TAMS 0x0000000081700000, 0x0000000081700000| Complete 
|   2|0x0000000081800000, 0x0000000081900000, 0x0000000081900000|100%|HC|  |TAMS 0x0000000081800000, 0x0000000081800000| Complete 
|   3|0x0000000081900000, 0x0000000081900000, 0x0000000081a00000|  0%| F|  |TAMS 0x0000000081900000, 0x0000000081900000| Untracked 
|   4|0x0000000081a00000, 0x0000000081a00000, 0x0000000081b00000|  0%| F|  |TAMS 0x0000000081a00000, 0x0000000081a00000| Untracked 
|   5|0x0000000081b00000, 0x0000000081b00000, 0x0000000081c00000|  0%| F|  |TAMS 0x0000000081b00000, 0x0000000081b00000| Untracked 
|   6|0x0000000081c00000, 0x0000000081c00000, 0x0000000081d00000|  0%| F|  |TAMS 0x0000000081c00000, 0x0000000081c00000| Untracked 
|   7|0x0000000081d00000, 0x0000000081d00000, 0x0000000081e00000|  0%| F|  |TAMS 0x0000000081d00000, 0x0000000081d00000| Untracked 
|   8|0x0000000081e00000, 0x0000000081e00000, 0x0000000081f00000|  0%| F|  |TAMS 0x0000000081e00000, 0x0000000081e00000| Untracked 
|   9|0x0000000081f00000, 0x0000000081f00000, 0x0000000082000000|  0%| F|  |TAMS 0x0000000081f00000, 0x0000000081f00000| Untracked 
|  10|0x0000000082000000, 0x0000000082000000, 0x0000000082100000|  0%| F|  |TAMS 0x0000000082000000, 0x0000000082000000| Untracked 
|  11|0x0000000082100000, 0x0000000082100000, 0x0000000082200000|  0%| F|  |TAMS 0x0000000082100000, 0x0000000082100000| Untracked 
|  12|0x0000000082200000, 0x0000000082200000, 0x0000000082300000|  0%| F|  |TAMS 0x0000000082200000, 0x0000000082200000| Untracked 
|  13|0x0000000082300000, 0x0000000082300000, 0x0000000082400000|  0%| F|  |TAMS 0x0000000082300000, 0x0000000082300000| Untracked 
|  14|0x0000000082400000, 0x0000000082400000, 0x0000000082500000|  0%| F|  |TAMS 0x0000000082400000, 0x0000000082400000| Untracked 
|  15|0x0000000082500000, 0x0000000082500000, 0x0000000082600000|  0%| F|  |TAMS 0x0000000082500000, 0x0000000082500000| Untracked 
|  16|0x0000000082600000, 0x0000000082600000, 0x0000000082700000|  0%| F|  |TAMS 0x0000000082600000, 0x0000000082600000| Untracked 
|  17|0x0000000082700000, 0x0000000082700000, 0x0000000082800000|  0%| F|  |TAMS 0x0000000082700000, 0x0000000082700000| Untracked 
|  18|0x0000000082800000, 0x0000000082800000, 0x0000000082900000|  0%| F|  |TAMS 0x0000000082800000, 0x0000000082800000| Untracked 
|  19|0x0000000082900000, 0x0000000082900000, 0x0000000082a00000|  0%| F|  |TAMS 0x0000000082900000, 0x0000000082900000| Untracked 
|  20|0x0000000082a00000, 0x0000000082a00000, 0x0000000082b00000|  0%| F|  |TAMS 0x0000000082a00000, 0x0000000082a00000| Untracked 
|  21|0x0000000082b00000, 0x0000000082b00000, 0x0000000082c00000|  0%| F|  |TAMS 0x0000000082b00000, 0x0000000082b00000| Untracked 
|  22|0x0000000082c00000, 0x0000000082c00000, 0x0000000082d00000|  0%| F|  |TAMS 0x0000000082c00000, 0x0000000082c00000| Untracked 
|  23|0x0000000082d00000, 0x0000000082d00000, 0x0000000082e00000|  0%| F|  |TAMS 0x0000000082d00000, 0x0000000082d00000| Untracked 
|  24|0x0000000082e00000, 0x0000000082e00000, 0x0000000082f00000|  0%| F|  |TAMS 0x0000000082e00000, 0x0000000082e00000| Untracked 
|  25|0x0000000082f00000, 0x0000000082f00000, 0x0000000083000000|  0%| F|  |TAMS 0x0000000082f00000, 0x0000000082f00000| Untracked 
|  26|0x0000000083000000, 0x0000000083000000, 0x0000000083100000|  0%| F|  |TAMS 0x0000000083000000, 0x0000000083000000| Untracked 
|  27|0x0000000083100000, 0x0000000083100000, 0x0000000083200000|  0%| F|  |TAMS 0x0000000083100000, 0x0000000083100000| Untracked 
|  28|0x0000000083200000, 0x0000000083200000, 0x0000000083300000|  0%| F|  |TAMS 0x0000000083200000, 0x0000000083200000| Untracked 
|  29|0x0000000083300000, 0x0000000083300000, 0x0000000083400000|  0%| F|  |TAMS 0x0000000083300000, 0x0000000083300000| Untracked 
|  30|0x0000000083400000, 0x0000000083400000, 0x0000000083500000|  0%| F|  |TAMS 0x0000000083400000, 0x0000000083400000| Untracked 
|  31|0x0000000083500000, 0x0000000083500000, 0x0000000083600000|  0%| F|  |TAMS 0x0000000083500000, 0x0000000083500000| Untracked 
|  32|0x0000000083600000, 0x0000000083600000, 0x0000000083700000|  0%| F|  |TAMS 0x0000000083600000, 0x0000000083600000| Untracked 
|  33|0x0000000083700000, 0x0000000083700000, 0x0000000083800000|  0%| F|  |TAMS 0x0000000083700000, 0x0000000083700000| Untracked 
|  34|0x0000000083800000, 0x0000000083800000, 0x0000000083900000|  0%| F|  |TAMS 0x0000000083800000, 0x0000000083800000| Untracked 
|  35|0x0000000083900000, 0x0000000083900000, 0x0000000083a00000|  0%| F|  |TAMS 0x0000000083900000, 0x0000000083900000| Untracked 
|  36|0x0000000083a00000, 0x0000000083a00000, 0x0000000083b00000|  0%| F|  |TAMS 0x0000000083a00000, 0x0000000083a00000| Untracked 
|  37|0x0000000083b00000, 0x0000000083b00000, 0x0000000083c00000|  0%| F|  |TAMS 0x0000000083b00000, 0x0000000083b00000| Untracked 
|  38|0x0000000083c00000, 0x0000000083c00000, 0x0000000083d00000|  0%| F|  |TAMS 0x0000000083c00000, 0x0000000083c00000| Untracked 
|  39|0x0000000083d00000, 0x0000000083d00000, 0x0000000083e00000|  0%| F|  |TAMS 0x0000000083d00000, 0x0000000083d00000| Untracked 
|  40|0x0000000083e00000, 0x0000000083e00000, 0x0000000083f00000|  0%| F|  |TAMS 0x0000000083e00000, 0x0000000083e00000| Untracked 
|  41|0x0000000083f00000, 0x0000000083f00000, 0x0000000084000000|  0%| F|  |TAMS 0x0000000083f00000, 0x0000000083f00000| Untracked 
|  42|0x0000000084000000, 0x0000000084000000, 0x0000000084100000|  0%| F|  |TAMS 0x0000000084000000, 0x0000000084000000| Untracked 
|  43|0x0000000084100000, 0x0000000084100000, 0x0000000084200000|  0%| F|  |TAMS 0x0000000084100000, 0x0000000084100000| Untracked 
|  44|0x0000000084200000, 0x0000000084200000, 0x0000000084300000|  0%| F|  |TAMS 0x0000000084200000, 0x0000000084200000| Untracked 
|  45|0x0000000084300000, 0x0000000084300000, 0x0000000084400000|  0%| F|  |TAMS 0x0000000084300000, 0x0000000084300000| Untracked 
|  46|0x0000000084400000, 0x0000000084400000, 0x0000000084500000|  0%| F|  |TAMS 0x0000000084400000, 0x0000000084400000| Untracked 
|  47|0x0000000084500000, 0x0000000084500000, 0x0000000084600000|  0%| F|  |TAMS 0x0000000084500000, 0x0000000084500000| Untracked 
|  48|0x0000000084600000, 0x0000000084600000, 0x0000000084700000|  0%| F|  |TAMS 0x0000000084600000, 0x0000000084600000| Untracked 
|  49|0x0000000084700000, 0x0000000084700000, 0x0000000084800000|  0%| F|  |TAMS 0x0000000084700000, 0x0000000084700000| Untracked 
|  50|0x0000000084800000, 0x0000000084800000, 0x0000000084900000|  0%| F|  |TAMS 0x0000000084800000, 0x0000000084800000| Untracked 
|  51|0x0000000084900000, 0x0000000084900000, 0x0000000084a00000|  0%| F|  |TAMS 0x0000000084900000, 0x0000000084900000| Untracked 
|  52|0x0000000084a00000, 0x0000000084a00000, 0x0000000084b00000|  0%| F|  |TAMS 0x0000000084a00000, 0x0000000084a00000| Untracked 
|  53|0x0000000084b00000, 0x0000000084b00000, 0x0000000084c00000|  0%| F|  |TAMS 0x0000000084b00000, 0x0000000084b00000| Untracked 
|  54|0x0000000084c00000, 0x0000000084c00000, 0x0000000084d00000|  0%| F|  |TAMS 0x0000000084c00000, 0x0000000084c00000| Untracked 
|  55|0x0000000084d00000, 0x0000000084d00000, 0x0000000084e00000|  0%| F|  |TAMS 0x0000000084d00000, 0x0000000084d00000| Untracked 
|  56|0x0000000084e00000, 0x0000000084e00000, 0x0000000084f00000|  0%| F|  |TAMS 0x0000000084e00000, 0x0000000084e00000| Untracked 
|  57|0x0000000084f00000, 0x0000000084f00000, 0x0000000085000000|  0%| F|  |TAMS 0x0000000084f00000, 0x0000000084f00000| Untracked 
|  58|0x0000000085000000, 0x0000000085000000, 0x0000000085100000|  0%| F|  |TAMS 0x0000000085000000, 0x0000000085000000| Untracked 
|  59|0x0000000085100000, 0x0000000085100000, 0x0000000085200000|  0%| F|  |TAMS 0x0000000085100000, 0x0000000085100000| Untracked 
|  60|0x0000000085200000, 0x0000000085200000, 0x0000000085300000|  0%| F|  |TAMS 0x0000000085200000, 0x0000000085200000| Untracked 
|  61|0x0000000085300000, 0x0000000085300000, 0x0000000085400000|  0%| F|  |TAMS 0x0000000085300000, 0x0000000085300000| Untracked 
|  62|0x0000000085400000, 0x0000000085400000, 0x0000000085500000|  0%| F|  |TAMS 0x0000000085400000, 0x0000000085400000| Untracked 
|  63|0x0000000085500000, 0x0000000085500000, 0x0000000085600000|  0%| F|  |TAMS 0x0000000085500000, 0x0000000085500000| Untracked 
|  64|0x0000000085600000, 0x0000000085600000, 0x0000000085700000|  0%| F|  |TAMS 0x0000000085600000, 0x0000000085600000| Untracked 
|  65|0x0000000085700000, 0x0000000085700000, 0x0000000085800000|  0%| F|  |TAMS 0x0000000085700000, 0x0000000085700000| Untracked 
|  66|0x0000000085800000, 0x0000000085800000, 0x0000000085900000|  0%| F|  |TAMS 0x0000000085800000, 0x0000000085800000| Untracked 
|  67|0x0000000085900000, 0x0000000085900000, 0x0000000085a00000|  0%| F|  |TAMS 0x0000000085900000, 0x0000000085900000| Untracked 
|  68|0x0000000085a00000, 0x0000000085a00000, 0x0000000085b00000|  0%| F|  |TAMS 0x0000000085a00000, 0x0000000085a00000| Untracked 
|  69|0x0000000085b00000, 0x0000000085b00000, 0x0000000085c00000|  0%| F|  |TAMS 0x0000000085b00000, 0x0000000085b00000| Untracked 
|  70|0x0000000085c00000, 0x0000000085c00000, 0x0000000085d00000|  0%| F|  |TAMS 0x0000000085c00000, 0x0000000085c00000| Untracked 
|  71|0x0000000085d00000, 0x0000000085d00000, 0x0000000085e00000|  0%| F|  |TAMS 0x0000000085d00000, 0x0000000085d00000| Untracked 
|  72|0x0000000085e00000, 0x0000000085e00000, 0x0000000085f00000|  0%| F|  |TAMS 0x0000000085e00000, 0x0000000085e00000| Untracked 
|  73|0x0000000085f00000, 0x0000000085f00000, 0x0000000086000000|  0%| F|  |TAMS 0x0000000085f00000, 0x0000000085f00000| Untracked 
|  74|0x0000000086000000, 0x0000000086000000, 0x0000000086100000|  0%| F|  |TAMS 0x0000000086000000, 0x0000000086000000| Untracked 
|  75|0x0000000086100000, 0x0000000086100000, 0x0000000086200000|  0%| F|  |TAMS 0x0000000086100000, 0x0000000086100000| Untracked 
|  76|0x0000000086200000, 0x0000000086200000, 0x0000000086300000|  0%| F|  |TAMS 0x0000000086200000, 0x0000000086200000| Untracked 
|  77|0x0000000086300000, 0x0000000086300000, 0x0000000086400000|  0%| F|  |TAMS 0x0000000086300000, 0x0000000086300000| Untracked 
|  78|0x0000000086400000, 0x0000000086400000, 0x0000000086500000|  0%| F|  |TAMS 0x0000000086400000, 0x0000000086400000| Untracked 
|  79|0x0000000086500000, 0x0000000086500000, 0x0000000086600000|  0%| F|  |TAMS 0x0000000086500000, 0x0000000086500000| Untracked 
|  80|0x0000000086600000, 0x0000000086600000, 0x0000000086700000|  0%| F|  |TAMS 0x0000000086600000, 0x0000000086600000| Untracked 
|  81|0x0000000086700000, 0x0000000086700000, 0x0000000086800000|  0%| F|  |TAMS 0x0000000086700000, 0x0000000086700000| Untracked 
|  82|0x0000000086800000, 0x0000000086800000, 0x0000000086900000|  0%| F|  |TAMS 0x0000000086800000, 0x0000000086800000| Untracked 
|  83|0x0000000086900000, 0x0000000086900000, 0x0000000086a00000|  0%| F|  |TAMS 0x0000000086900000, 0x0000000086900000| Untracked 
|  84|0x0000000086a00000, 0x0000000086a00000, 0x0000000086b00000|  0%| F|  |TAMS 0x0000000086a00000, 0x0000000086a00000| Untracked 
|  85|0x0000000086b00000, 0x0000000086b00000, 0x0000000086c00000|  0%| F|  |TAMS 0x0000000086b00000, 0x0000000086b00000| Untracked 
|  86|0x0000000086c00000, 0x0000000086c00000, 0x0000000086d00000|  0%| F|  |TAMS 0x0000000086c00000, 0x0000000086c00000| Untracked 
|  87|0x0000000086d00000, 0x0000000086d00000, 0x0000000086e00000|  0%| F|  |TAMS 0x0000000086d00000, 0x0000000086d00000| Untracked 
|  88|0x0000000086e00000, 0x0000000086e00000, 0x0000000086f00000|  0%| F|  |TAMS 0x0000000086e00000, 0x0000000086e00000| Untracked 
|  89|0x0000000086f00000, 0x0000000086f00000, 0x0000000087000000|  0%| F|  |TAMS 0x0000000086f00000, 0x0000000086f00000| Untracked 
|  90|0x0000000087000000, 0x0000000087000000, 0x0000000087100000|  0%| F|  |TAMS 0x0000000087000000, 0x0000000087000000| Untracked 
|  91|0x0000000087100000, 0x0000000087100000, 0x0000000087200000|  0%| F|  |TAMS 0x0000000087100000, 0x0000000087100000| Untracked 
|  92|0x0000000087200000, 0x0000000087200000, 0x0000000087300000|  0%| F|  |TAMS 0x0000000087200000, 0x0000000087200000| Untracked 
|  93|0x0000000087300000, 0x0000000087300000, 0x0000000087400000|  0%| F|  |TAMS 0x0000000087300000, 0x0000000087300000| Untracked 
|  94|0x0000000087400000, 0x0000000087400000, 0x0000000087500000|  0%| F|  |TAMS 0x0000000087400000, 0x0000000087400000| Untracked 
|  95|0x0000000087500000, 0x0000000087500000, 0x0000000087600000|  0%| F|  |TAMS 0x0000000087500000, 0x0000000087500000| Untracked 
|  96|0x0000000087600000, 0x0000000087600000, 0x0000000087700000|  0%| F|  |TAMS 0x0000000087600000, 0x0000000087600000| Untracked 
|  97|0x0000000087700000, 0x0000000087700000, 0x0000000087800000|  0%| F|  |TAMS 0x0000000087700000, 0x0000000087700000| Untracked 
|  98|0x0000000087800000, 0x0000000087800000, 0x0000000087900000|  0%| F|  |TAMS 0x0000000087800000, 0x0000000087800000| Untracked 
|  99|0x0000000087900000, 0x0000000087900000, 0x0000000087a00000|  0%| F|  |TAMS 0x0000000087900000, 0x0000000087900000| Untracked 
| 100|0x0000000087a00000, 0x0000000087a00000, 0x0000000087b00000|  0%| F|  |TAMS 0x0000000087a00000, 0x0000000087a00000| Untracked 
| 101|0x0000000087b00000, 0x0000000087b00000, 0x0000000087c00000|  0%| F|  |TAMS 0x0000000087b00000, 0x0000000087b00000| Untracked 
| 102|0x0000000087c00000, 0x0000000087c00000, 0x0000000087d00000|  0%| F|  |TAMS 0x0000000087c00000, 0x0000000087c00000| Untracked 
| 103|0x0000000087d00000, 0x0000000087d00000, 0x0000000087e00000|  0%| F|  |TAMS 0x0000000087d00000, 0x0000000087d00000| Untracked 
| 104|0x0000000087e00000, 0x0000000087e00000, 0x0000000087f00000|  0%| F|  |TAMS 0x0000000087e00000, 0x0000000087e00000| Untracked 
| 105|0x0000000087f00000, 0x0000000087f00000, 0x0000000088000000|  0%| F|  |TAMS 0x0000000087f00000, 0x0000000087f00000| Untracked 
| 106|0x0000000088000000, 0x0000000088000000, 0x0000000088100000|  0%| F|  |TAMS 0x0000000088000000, 0x0000000088000000| Untracked 
| 107|0x0000000088100000, 0x0000000088100000, 0x0000000088200000|  0%| F|  |TAMS 0x0000000088100000, 0x0000000088100000| Untracked 
| 108|0x0000000088200000, 0x0000000088200000, 0x0000000088300000|  0%| F|  |TAMS 0x0000000088200000, 0x0000000088200000| Untracked 
| 109|0x0000000088300000, 0x0000000088300000, 0x0000000088400000|  0%| F|  |TAMS 0x0000000088300000, 0x0000000088300000| Untracked 
| 110|0x0000000088400000, 0x0000000088400000, 0x0000000088500000|  0%| F|  |TAMS 0x0000000088400000, 0x0000000088400000| Untracked 
| 111|0x0000000088500000, 0x0000000088500000, 0x0000000088600000|  0%| F|  |TAMS 0x0000000088500000, 0x0000000088500000| Untracked 
| 112|0x0000000088600000, 0x0000000088600000, 0x0000000088700000|  0%| F|  |TAMS 0x0000000088600000, 0x0000000088600000| Untracked 
| 113|0x0000000088700000, 0x0000000088700000, 0x0000000088800000|  0%| F|  |TAMS 0x0000000088700000, 0x0000000088700000| Untracked 
| 114|0x0000000088800000, 0x00000000888482f8, 0x0000000088900000| 28%| E|  |TAMS 0x0000000088800000, 0x0000000088800000| Complete 
| 115|0x0000000088900000, 0x0000000088a00000, 0x0000000088a00000|100%| E|CS|TAMS 0x0000000088900000, 0x0000000088900000| Complete 
| 116|0x0000000088a00000, 0x0000000088b00000, 0x0000000088b00000|100%| E|CS|TAMS 0x0000000088a00000, 0x0000000088a00000| Complete 
| 117|0x0000000088b00000, 0x0000000088c00000, 0x0000000088c00000|100%| E|CS|TAMS 0x0000000088b00000, 0x0000000088b00000| Complete 
| 118|0x0000000088c00000, 0x0000000088d00000, 0x0000000088d00000|100%| E|CS|TAMS 0x0000000088c00000, 0x0000000088c00000| Complete 
| 119|0x0000000088d00000, 0x0000000088e00000, 0x0000000088e00000|100%| E|CS|TAMS 0x0000000088d00000, 0x0000000088d00000| Complete 
| 120|0x0000000088e00000, 0x0000000088f00000, 0x0000000088f00000|100%| E|CS|TAMS 0x0000000088e00000, 0x0000000088e00000| Complete 
| 121|0x0000000088f00000, 0x0000000089000000, 0x0000000089000000|100%| E|CS|TAMS 0x0000000088f00000, 0x0000000088f00000| Complete 
| 122|0x0000000089000000, 0x0000000089100000, 0x0000000089100000|100%| E|CS|TAMS 0x0000000089000000, 0x0000000089000000| Complete 
| 123|0x0000000089100000, 0x0000000089200000, 0x0000000089200000|100%| E|CS|TAMS 0x0000000089100000, 0x0000000089100000| Complete 
| 124|0x0000000089200000, 0x0000000089300000, 0x0000000089300000|100%| E|CS|TAMS 0x0000000089200000, 0x0000000089200000| Complete 
| 125|0x0000000089300000, 0x0000000089400000, 0x0000000089400000|100%| E|CS|TAMS 0x0000000089300000, 0x0000000089300000| Complete 
| 126|0x0000000089400000, 0x0000000089500000, 0x0000000089500000|100%| E|CS|TAMS 0x0000000089400000, 0x0000000089400000| Complete 
| 127|0x0000000089500000, 0x0000000089600000, 0x0000000089600000|100%| E|CS|TAMS 0x0000000089500000, 0x0000000089500000| Complete 

Card table byte_map: [0x000002c9d66f0000,0x000002c9d6af0000] _byte_map_base: 0x000002c9d62e5000

Marking Bits (Prev, Next): (CMBitMap*) 0x000002c9bef26368, (CMBitMap*) 0x000002c9bef263a8
 Prev Bits: [0x000002c9d6ef0000, 0x000002c9d8e98000)
 Next Bits: [0x000002c9d8ea0000, 0x000002c9dae48000)

Polling page: 0x000002c9bcef0000

Metaspace:

Usage:
  Non-class:     10.50 MB capacity,    10.26 MB ( 98%) used,   200.56 KB (  2%) free+waste,    40.19 KB ( <1%) overhead. 
      Class:      1.50 MB capacity,     1.30 MB ( 87%) used,   182.38 KB ( 12%) free+waste,    22.94 KB (  1%) overhead. 
       Both:     11.99 MB capacity,    11.56 MB ( 96%) used,   382.95 KB (  3%) free+waste,    63.13 KB ( <1%) overhead. 

Virtual space:
  Non-class space:       12.00 MB reserved,      10.50 MB ( 88%) committed 
      Class space:        1.00 GB reserved,       1.50 MB ( <1%) committed 
             Both:        1.01 GB reserved,      12.00 MB (  1%) committed 

Chunk freelists:
   Non-Class:  640 bytes
       Class:  256 bytes
        Both:  896 bytes

CodeHeap 'non-profiled nmethods': size=120064Kb used=554Kb max_used=554Kb free=119509Kb
 bounds [0x000002c9cedb0000, 0x000002c9cf020000, 0x000002c9d62f0000]
CodeHeap 'profiled nmethods': size=120000Kb used=2491Kb max_used=2491Kb free=117508Kb
 bounds [0x000002c9c7880000, 0x000002c9c7af0000, 0x000002c9cedb0000]
CodeHeap 'non-nmethods': size=5696Kb used=1262Kb max_used=1286Kb free=4433Kb
 bounds [0x000002c9c72f0000, 0x000002c9c7560000, 0x000002c9c7880000]
 total_blobs=2285 nmethods=1425 adapters=554
 compilation: enabled
              stopped_count=0, restarted_count=0
 full_count=0

Compilation events (10 events):
Event: 29.229 Thread 0x000002c9dd340000 nmethod 1417 0x000002c9c7aead10 code [0x000002c9c7aeaf80, 0x000002c9c7aebad0]
Event: 29.229 Thread 0x000002c9dd340000 1418       3       java.awt.Rectangle::getWidth (6 bytes)
Event: 29.229 Thread 0x000002c9dd340000 nmethod 1418 0x000002c9c7aebe10 code [0x000002c9c7aebfc0, 0x000002c9c7aec138]
Event: 30.226 Thread 0x000002c9dd340000 1420       1       jdk.internal.logger.SurrogateLogger::defaultPlatformLevel (4 bytes)
Event: 30.227 Thread 0x000002c9dd340000 nmethod 1420 0x000002c9cee3a790 code [0x000002c9cee3a940, 0x000002c9cee3aa78]
Event: 30.234 Thread 0x000002c9dd340000 1421       3       sun.java2d.marlin.IntArrayCache$Reference::putArray (55 bytes)
Event: 30.237 Thread 0x000002c9dd340000 nmethod 1421 0x000002c9c7aec210 code [0x000002c9c7aec440, 0x000002c9c7aeca10]
Event: 31.058 Thread 0x000002c9dd340000 1422       3       java.lang.Long::<init> (10 bytes)
Event: 31.059 Thread 0x000002c9dd340000 nmethod 1422 0x000002c9c7aecd10 code [0x000002c9c7aecee0, 0x000002c9c7aed118]
Event: 31.061 Thread 0x000002c9dd340000 1424       3       java.io.ObjectOutputStream$BlockDataOutputStream::writeBytes (144 bytes)

GC Heap History (0 events):
No events

Deoptimization events (10 events):
Event: 0.405 Thread 0x000002c9beee7800 Uncommon trap: reason=bimorphic_or_optimized_type_check action=maybe_recompile pc=0x000002c9cedc79c4 method=java.util.AbstractCollection.isEmpty()Z @ 1 c2
Event: 0.770 Thread 0x000002c9de053000 Uncommon trap: reason=class_check action=maybe_recompile pc=0x000002c9cedc6b38 method=java.util.HashMap.putVal(ILjava/lang/Object;Ljava/lang/Object;ZZ)Ljava/lang/Object; @ 203 c2
Event: 0.770 Thread 0x000002c9de053000 Uncommon trap: reason=class_check action=maybe_recompile pc=0x000002c9cedc69f8 method=java.util.HashMap.putVal(ILjava/lang/Object;Ljava/lang/Object;ZZ)Ljava/lang/Object; @ 91 c2
Event: 0.770 Thread 0x000002c9de053000 Uncommon trap: reason=class_check action=maybe_recompile pc=0x000002c9cedc6b38 method=java.util.HashMap.putVal(ILjava/lang/Object;Ljava/lang/Object;ZZ)Ljava/lang/Object; @ 203 c2
Event: 0.770 Thread 0x000002c9de053000 Uncommon trap: reason=class_check action=maybe_recompile pc=0x000002c9cedc6b38 method=java.util.HashMap.putVal(ILjava/lang/Object;Ljava/lang/Object;ZZ)Ljava/lang/Object; @ 203 c2
Event: 0.852 Thread 0x000002c9beee7800 Uncommon trap: reason=unstable_if action=reinterpret pc=0x000002c9cedb8488 method=java.lang.String.isLatin1()Z @ 10 c2
Event: 1.347 Thread 0x000002c9beee7800 Uncommon trap: reason=class_check action=maybe_recompile pc=0x000002c9cede6dd0 method=java.util.HashMap.putVal(ILjava/lang/Object;Ljava/lang/Object;ZZ)Ljava/lang/Object; @ 253 c2
Event: 1.347 Thread 0x000002c9beee7800 Uncommon trap: reason=class_check action=maybe_recompile pc=0x000002c9cede6dd0 method=java.util.HashMap.putVal(ILjava/lang/Object;Ljava/lang/Object;ZZ)Ljava/lang/Object; @ 253 c2
Event: 1.347 Thread 0x000002c9beee7800 Uncommon trap: reason=class_check action=maybe_recompile pc=0x000002c9cede908c method=java.util.HashMap.putVal(ILjava/lang/Object;Ljava/lang/Object;ZZ)Ljava/lang/Object; @ 253 c2
Event: 1.699 Thread 0x000002c9beee7800 Uncommon trap: reason=unstable_if action=reinterpret pc=0x000002c9cee08cd0 method=org.sqlite.SQLiteJDBCLoader.contentsEquals(Ljava/io/InputStream;Ljava/io/InputStream;)Z @ 39 c2

Classes redefined (0 events):
No events

Internal exceptions (10 events):
Event: 0.620 Thread 0x000002c9beee7800 Exception <a 'java/lang/ClassNotFoundException'{0x000000008909c0e0}: com/sun/swing/internal/plaf/basic/resources/spi/basicProvider> (0x000000008909c0e0) thrown at [t:/workspace/open/src/hotspot/share/classfile/systemDictionary.cpp, line 235]
Event: 0.693 Thread 0x000002c9beee7800 Exception <a 'java/lang/NoSuchMethodError'{0x0000000088f16728}: java.lang.invoke.DirectMethodHandle$Holder.invokeStatic(Ljava/lang/Object;J)V> (0x0000000088f16728) thrown at [t:/workspace/open/src/hotspot/share/interpreter/linkResolver.cpp, line 777]
Event: 0.696 Thread 0x000002c9beee7800 Exception <a 'java/lang/NoSuchMethodError'{0x0000000088f1dc98}: java.lang.invoke.DirectMethodHandle$Holder.invokeStatic(Ljava/lang/Object;Ljava/lang/Object;JLjava/lang/Object;)Ljava/lang/Object;> (0x0000000088f1dc98) thrown at [t:/workspace/open/src/hotsp
Event: 0.697 Thread 0x000002c9beee7800 Exception <a 'java/lang/NoSuchMethodError'{0x0000000088f20978}: java.lang.invoke.DirectMethodHandle$Holder.invokeStaticInit(Ljava/lang/Object;Ljava/lang/Object;JLjava/lang/Object;)Ljava/lang/Object;> (0x0000000088f20978) thrown at [t:/workspace/open/src/h
Event: 0.697 Thread 0x000002c9beee7800 Exception <a 'java/lang/NoSuchMethodError'{0x0000000088f26058}: java.lang.invoke.Invokers$Holder.linkToTargetMethod(Ljava/lang/Object;JLjava/lang/Object;)Ljava/lang/Object;> (0x0000000088f26058) thrown at [t:/workspace/open/src/hotspot/share/interpreter/l
Event: 0.828 Thread 0x000002c9beee7800 Exception <a 'java/lang/NoSuchMethodError'{0x0000000088f78910}: java.lang.invoke.DirectMethodHandle$Holder.invokeStaticInit(Ljava/lang/Object;)V> (0x0000000088f78910) thrown at [t:/workspace/open/src/hotspot/share/interpreter/linkResolver.cpp, line 777]
Event: 0.886 Thread 0x000002c9beee7800 Exception <a 'java/lang/NoSuchMethodError'{0x0000000088e34e08}: java.lang.invoke.Invokers$Holder.linkToTargetMethod(Ljava/lang/Object;ILjava/lang/Object;)Ljava/lang/Object;> (0x0000000088e34e08) thrown at [t:/workspace/open/src/hotspot/share/interpreter/l
Event: 1.350 Thread 0x000002c9beee7800 Exception <a 'java/lang/NoSuchMethodError'{0x0000000088b90e80}: java.lang.invoke.DirectMethodHandle$Holder.invokeStaticInit(Ljava/lang/Object;IIII)Ljava/lang/Object;> (0x0000000088b90e80) thrown at [t:/workspace/open/src/hotspot/share/interpreter/linkReso
Event: 1.647 Thread 0x000002c9beee7800 Exception <a 'java/lang/NoSuchMethodError'{0x0000000088bc4cf0}: java.lang.invoke.DirectMethodHandle$Holder.invokeStaticInit(Ljava/lang/Object;Ljava/lang/Object;IIII)Ljava/lang/Object;> (0x0000000088bc4cf0) thrown at [t:/workspace/open/src/hotspot/share/in
Event: 13.081 Thread 0x000002c9de5b0000 Exception <a 'java/lang/NoSuchMethodError'{0x0000000088abc170}: <clinit>> (0x0000000088abc170) thrown at [t:/workspace/open/src/hotspot/share/prims/jni.cpp, line 1362]

Events (10 events):
Event: 13.081 Executing VM operation: RevokeBias
Event: 13.081 Executing VM operation: RevokeBias done
Event: 13.086 loading class java/util/function/UnaryOperator
Event: 13.087 loading class java/util/function/UnaryOperator done
Event: 13.192 Thread 0x000002c9de4a3800 DEOPT PACKING pc=0x000002c9c7a9d163 sp=0x000000fff5bfd120
Event: 13.192 Thread 0x000002c9de4a3800 DEOPT UNPACKING pc=0x000002c9c73199ce sp=0x000000fff5bfc5b0 mode 0
Event: 19.200 Thread 0x000002c9de4a3800 DEOPT PACKING pc=0x000002c9c7a9304a sp=0x000000fff5bfcf80
Event: 19.200 Thread 0x000002c9de4a3800 DEOPT UNPACKING pc=0x000002c9c73199ce sp=0x000000fff5bfc3d0 mode 0
Event: 27.493 loading class sun/net/util/IPAddressUtil
Event: 27.493 loading class sun/net/util/IPAddressUtil done


Dynamic libraries:
0x00007ff71ff60000 - 0x00007ff71ff6f000 	C:\Program Files\Java\jdk-12.0.1\bin\javaw.exe
0x00007fff208c0000 - 0x00007fff20aad000 	C:\Windows\SYSTEM32\ntdll.dll
0x00007fff1de80000 - 0x00007fff1df33000 	C:\Windows\System32\KERNEL32.DLL
0x00007fff1cd60000 - 0x00007fff1cff3000 	C:\Windows\System32\KERNELBASE.dll
0x00007fff1d000000 - 0x00007fff1d0fa000 	C:\Windows\System32\ucrtbase.dll
0x00007fff16e70000 - 0x00007fff16e86000 	C:\Program Files\Java\jdk-12.0.1\bin\VCRUNTIME140.dll
0x00007fff16e90000 - 0x00007fff16ea8000 	C:\Program Files\Java\jdk-12.0.1\bin\jli.dll
0x00007fff1fe20000 - 0x00007fff1fec3000 	C:\Windows\System32\ADVAPI32.dll
0x00007fff207f0000 - 0x00007fff2088e000 	C:\Windows\System32\msvcrt.dll
0x00007fff1e750000 - 0x00007fff1e7ee000 	C:\Windows\System32\sechost.dll
0x00007fff1e320000 - 0x00007fff1e442000 	C:\Windows\System32\RPCRT4.dll
0x00007fff1e5b0000 - 0x00007fff1e747000 	C:\Windows\System32\USER32.dll
0x00007fff1dad0000 - 0x00007fff1daf0000 	C:\Windows\System32\win32u.dll
0x00007fff1daf0000 - 0x00007fff1db19000 	C:\Windows\System32\GDI32.dll
0x00007fff1cb70000 - 0x00007fff1cd0a000 	C:\Windows\System32\gdi32full.dll
0x00007fff1d2e0000 - 0x00007fff1d380000 	C:\Windows\System32\msvcp_win.dll
0x00007fff0c020000 - 0x00007fff0c299000 	C:\Windows\WinSxS\amd64_microsoft.windows.common-controls_6595b64144ccf1df_6.0.17763.503_none_05b23ef40721f4ae\COMCTL32.dll
0x00007fff1fee0000 - 0x00007fff2020c000 	C:\Windows\System32\combase.dll
0x00007fff0cb30000 - 0x00007fff0cb3a000 	C:\Windows\SYSTEM32\VERSION.dll
0x00007fff1d260000 - 0x00007fff1d2de000 	C:\Windows\System32\bcryptPrimitives.dll
0x00007fff20340000 - 0x00007fff2036e000 	C:\Windows\System32\IMM32.DLL
0x00007fff12970000 - 0x00007fff12a1a000 	C:\Program Files\Java\jdk-12.0.1\bin\msvcp140.dll
0x00007ffee52a0000 - 0x00007ffee5e14000 	C:\Program Files\Java\jdk-12.0.1\bin\server\jvm.dll
0x00007fff1e7f0000 - 0x00007fff1e7f8000 	C:\Windows\System32\PSAPI.DLL
0x00007fff0d5b0000 - 0x00007fff0d5b9000 	C:\Windows\SYSTEM32\WSOCK32.dll
0x00007fff1a5a0000 - 0x00007fff1a5c4000 	C:\Windows\SYSTEM32\WINMM.dll
0x00007fff1e0b0000 - 0x00007fff1e11d000 	C:\Windows\System32\WS2_32.dll
0x00007fff1a450000 - 0x00007fff1a47d000 	C:\Windows\SYSTEM32\winmmbase.dll
0x00007fff1d160000 - 0x00007fff1d1aa000 	C:\Windows\System32\cfgmgr32.dll
0x00007fff1c920000 - 0x00007fff1c931000 	C:\Windows\System32\kernel.appcore.dll
0x00007fff14aa0000 - 0x00007fff14ab1000 	C:\Program Files\Java\jdk-12.0.1\bin\verify.dll
0x00007fff1b1a0000 - 0x00007fff1b38d000 	C:\Windows\SYSTEM32\DBGHELP.DLL
0x00007fff0c7c0000 - 0x00007fff0c7ea000 	C:\Windows\SYSTEM32\dbgcore.DLL
0x00007fff12940000 - 0x00007fff12966000 	C:\Program Files\Java\jdk-12.0.1\bin\java.dll
0x00007fff128e0000 - 0x00007fff128f7000 	C:\Program Files\Java\jdk-12.0.1\bin\zip.dll
0x00007fff155b0000 - 0x00007fff155ba000 	C:\Program Files\Java\jdk-12.0.1\bin\jimage.dll
0x00007fff1e870000 - 0x00007fff1fd60000 	C:\Windows\System32\SHELL32.dll
0x00007fff1dba0000 - 0x00007fff1dc48000 	C:\Windows\System32\shcore.dll
0x00007fff1d380000 - 0x00007fff1daca000 	C:\Windows\System32\windows.storage.dll
0x00007fff1c940000 - 0x00007fff1c964000 	C:\Windows\System32\profapi.dll
0x00007fff1c8c0000 - 0x00007fff1c91d000 	C:\Windows\System32\powrprof.dll
0x00007fff1fdc0000 - 0x00007fff1fe12000 	C:\Windows\System32\shlwapi.dll
0x00007fff1cd40000 - 0x00007fff1cd57000 	C:\Windows\System32\cryptsp.dll
0x00007fff14ff0000 - 0x00007fff15009000 	C:\Program Files\Java\jdk-12.0.1\bin\net.dll
0x00007fff116f0000 - 0x00007fff117e1000 	C:\Windows\SYSTEM32\WINHTTP.dll
0x00007fff12620000 - 0x00007fff127f6000 	C:\Windows\SYSTEM32\urlmon.dll
0x00007fff12370000 - 0x00007fff12618000 	C:\Windows\SYSTEM32\iertutil.dll
0x00007fff1c2b0000 - 0x00007fff1c2bc000 	C:\Windows\SYSTEM32\CRYPTBASE.DLL
0x00007fff1c0e0000 - 0x00007fff1c147000 	C:\Windows\system32\mswsock.dll
0x00007fff14be0000 - 0x00007fff14bf3000 	C:\Program Files\Java\jdk-12.0.1\bin\nio.dll
0x00007fff0da50000 - 0x00007fff0dbef000 	C:\Program Files\Java\jdk-12.0.1\bin\awt.dll
0x00007fff1e120000 - 0x00007fff1e1e4000 	C:\Windows\System32\OLEAUT32.dll
0x00007fff19860000 - 0x00007fff19e1e000 	C:\Windows\SYSTEM32\d2d1.dll
0x00007fff1a6a0000 - 0x00007fff1a72c000 	C:\Windows\SYSTEM32\apphelp.dll
0x00007fff1ae10000 - 0x00007fff1ae3e000 	C:\Windows\system32\DWMAPI.DLL
0x00007fff1c990000 - 0x00007fff1cb6b000 	C:\Windows\System32\CRYPT32.dll
0x00007fff1c970000 - 0x00007fff1c982000 	C:\Windows\System32\MSASN1.dll
0x00007fff1aa00000 - 0x00007fff1aa9c000 	C:\Windows\system32\uxtheme.dll
0x00007fff06670000 - 0x00007fff06797000 	C:\Windows\system32\opengl32.dll
0x00007fff06600000 - 0x00007fff0662c000 	C:\Windows\SYSTEM32\GLU32.dll
0x00007fff1df40000 - 0x00007fff1e0aa000 	C:\Windows\System32\MSCTF.dll
0x00007fff1e450000 - 0x00007fff1e5a5000 	C:\Windows\System32\ole32.dll
0x00007fff14b60000 - 0x00007fff14be0000 	C:\Program Files\Java\jdk-12.0.1\bin\freetype.dll
0x00007fff15090000 - 0x00007fff150ff000 	C:\Program Files\Java\jdk-12.0.1\bin\fontmanager.dll
0x00007fff09190000 - 0x00007fff09225000 	C:\Windows\System32\TextInputFramework.dll
0x00007fff18660000 - 0x00007fff18982000 	C:\Windows\System32\CoreUIComponents.dll
0x00007fff1a360000 - 0x00007fff1a442000 	C:\Windows\System32\CoreMessaging.dll
0x00007fff1b980000 - 0x00007fff1b9b1000 	C:\Windows\SYSTEM32\ntmarta.dll
0x00007fff18470000 - 0x00007fff185c3000 	C:\Windows\SYSTEM32\wintypes.dll
0x00007fff041c0000 - 0x00007fff0422c000 	C:\Windows\system32\Oleacc.dll
0x00007fff20230000 - 0x00007fff202d2000 	C:\Windows\System32\clbcatq.dll
0x00007fff18270000 - 0x00007fff18428000 	C:\Windows\SYSTEM32\WindowsCodecs.dll
0x00007fff02870000 - 0x00007fff028c6000 	C:\Windows\system32\dataexchange.dll
0x00007fff19520000 - 0x00007fff1979e000 	C:\Windows\system32\d3d11.dll
0x00007fff19e20000 - 0x00007fff19fe3000 	C:\Windows\system32\dcomp.dll
0x00007fff1b640000 - 0x00007fff1b702000 	C:\Windows\system32\dxgi.dll
0x00007fff1aad0000 - 0x00007fff1acdd000 	C:\Windows\system32\twinapi.appcore.dll
0x00007fff1ace0000 - 0x00007fff1ad08000 	C:\Windows\system32\RMCLIENT.dll
0x00007fff1bca0000 - 0x00007fff1bcd3000 	C:\Windows\system32\rsaenh.dll
0x00007fff1cd10000 - 0x00007fff1cd36000 	C:\Windows\System32\bcrypt.dll
0x00007fff1c7f0000 - 0x00007fff1c818000 	C:\Windows\SYSTEM32\USERENV.dll
0x00007fff1be40000 - 0x00007fff1be7d000 	C:\Windows\SYSTEM32\IPHLPAPI.DLL
0x00007fff1e860000 - 0x00007fff1e868000 	C:\Windows\System32\NSI.dll
0x00007fff13aa0000 - 0x00007fff13ab6000 	C:\Windows\SYSTEM32\dhcpcsvc6.DLL
0x00007fff13d70000 - 0x00007fff13d8c000 	C:\Windows\SYSTEM32\dhcpcsvc.DLL
0x00007fff1be80000 - 0x00007fff1bf46000 	C:\Windows\SYSTEM32\DNSAPI.dll
0x0000000061c40000 - 0x0000000061d0b000 	C:\Users\owner\AppData\Local\Temp\sqlite-3.27.2.1-d0621d31-86c7-413a-8e7b-f893851ddf07-sqlitejdbc.dll

dbghelp: loaded successfully - version: 4.0.5 - missing functions: none
symbol engine: initialized successfully - sym options: 0x614 - pdb path: .;C:\Program Files\Java\jdk-12.0.1\bin;C:\Windows\SYSTEM32;C:\Windows\WinSxS\amd64_microsoft.windows.common-controls_6595b64144ccf1df_6.0.17763.503_none_05b23ef40721f4ae;C:\Program Files\Java\jdk-12.0.1\bin\server;C:\Users\owner\AppData\Local\Temp

VM Arguments:
jvm_args: -Dfile.encoding=Cp1252 --module-path=C:\Users\owner\Documents\My Files\Order Net\sqlite-jdbc-3.27.2.1.jar;C:\Users\owner\Documents\My Files\Order Net\commons-io-2.3.jar;C:\Users\owner\Documents\My Files\Order Net\jdatepicker-1.3.4.jar 
java_command: MainPackage.LicenseDialog
java_class_path (initial): C:\Users\owner\eclipse-workspace\Manage Net\bin
Launcher Type: SUN_STANDARD

[Global flags]
     intx CICompilerCount                          = 3                                         {product} {ergonomic}
     uint ConcGCThreads                            = 1                                         {product} {ergonomic}
     uint G1ConcRefinementThreads                  = 4                                         {product} {ergonomic}
   size_t G1HeapRegionSize                         = 1048576                                   {product} {ergonomic}
    uintx GCDrainStackTargetSize                   = 64                                        {product} {ergonomic}
   size_t InitialHeapSize                          = 134217728                                 {product} {ergonomic}
   size_t MarkStackSize                            = 4194304                                   {product} {ergonomic}
   size_t MaxHeapSize                              = 2124414976                                {product} {ergonomic}
   size_t MaxNewSize                               = 1274019840                                {product} {ergonomic}
   size_t MinHeapDeltaBytes                        = 1048576                                   {product} {ergonomic}
    uintx NonNMethodCodeHeapSize                   = 5830732                                {pd product} {ergonomic}
    uintx NonProfiledCodeHeapSize                  = 122913754                              {pd product} {ergonomic}
    uintx ProfiledCodeHeapSize                     = 122913754                              {pd product} {ergonomic}
    uintx ReservedCodeCacheSize                    = 251658240                              {pd product} {ergonomic}
     bool SegmentedCodeCache                       = true                                      {product} {ergonomic}
     bool UseCompressedClassPointers               = true                                 {lp64_product} {ergonomic}
     bool UseCompressedOops                        = true                                 {lp64_product} {ergonomic}
     bool UseG1GC                                  = true                                      {product} {ergonomic}
     bool UseLargePagesIndividualAllocation        = false                                  {pd product} {ergonomic}

Logging:
Log output configuration:
 #0: stdout all=warning uptime,level,tags
 #1: stderr all=off uptime,level,tags

Environment Variables:
JAVA_HOME=C:\Program Files\Java\jdk1.8.0_144
JRE_HOME=C:\Program Files\Java\jre1.8.0_144
PATH=C:/Program Files/Java/jdk-12.0.1/bin/server;C:/Program Files/Java/jdk-12.0.1/bin;C:\ProgramData\Oracle\Java\javapath;C:\Windows\system32;C:\Windows;C:\Windows\System32\Wbem;C:\Windows\System32\WindowsPowerShell\v1.0\;C:\Windows\System32\OpenSSH\;C:\Users\owner\AppData\Local\Android\Sdk\platform-tools;C:\Program Files\Git\cmd;C:\Program Files\Java\jdk1.8.0_144\bin;C:\Program Files\Java\jdk1.8.0_144\bin;C:\Users\owner\AppData\Local\Microsoft\WindowsApps;;C:\Users\owner\Desktop;
USERNAME=owner
OS=Windows_NT
PROCESSOR_IDENTIFIER=Intel64 Family 6 Model 69 Stepping 1, GenuineIntel



---------------  S Y S T E M  ---------------

OS: Windows 10 , 64 bit Build 17763 (10.0.17763.475)

CPU:total 4 (initial active 4) (2 cores per cpu, 2 threads per core) family 6 model 69 stepping 1, cmov, cx8, fxsr, mmx, sse, sse2, sse3, ssse3, sse4.1, sse4.2, popcnt, avx, avx2, aes, clmul, erms, lzcnt, ht, tsc, tscinvbit, bmi1, bmi2, fma

Memory: 4k page, system-wide physical 8101M (1893M free)
TotalPageFile size 9381M (AvailPageFile size 1667M)
current process WorkingSet (physical memory assigned to process): 77M, peak: 85M
current process commit charge ("private bytes"): 215M, peak: 225M

vm_info: Java HotSpot(TM) 64-Bit Server VM (12.0.1+12) for windows-amd64 JRE (12.0.1+12), built on Apr  2 2019 14:02:19 by "mach5one" with MS VC++ 15.5 (VS2017)

END.
